<?xml version="1.0" encoding="UTF-8"?>
<!-- Generated by org.testng.reporters.JUnitXMLReporter -->
<testsuite ignored="0" hostname="um" failures="0" tests="7" name="Default test" time="41.212" errors="0" timestamp="2022-05-26T15:56:05 IST">
  <testcase classname="GoPadelTest.GoPadelTest" name="bookingCalenderTest" time="6.651"/>
  <testcase classname="GoPadelTest.GoPadelTest" name="bookingPopupTest" time="10.57"/>
  <testcase classname="GoPadelTest.GoPadelTest" name="trainerBookingTest" time="2.567"/>
  <testcase classname="GoPadelTest.GoPadelTest" name="recurringBookingTest" time="2.326"/>
  <testcase classname="GoPadelTest.GoPadelTest" name="manageBookPageTest" time="6.096"/>
  <testcase classname="GoPadelTest.GoPadelTest" name="blockTimePageTest" time="6.507"/>
  <testcase classname="GoPadelTest.GoPadelTest" name="ladiesTimePageTest" time="6.1"/>
</testsuite> <!-- Default test -->
