<?xml version="1.0" encoding="UTF-8"?>
<!-- Generated by org.testng.reporters.JUnitXMLReporter -->
<testsuite ignored="0" hostname="DESKTOP-L5GVAI8" failures="0" tests="3" name="Default test" time="15.641" errors="0" timestamp="2022-04-18T14:11:51 IST">
  <testcase classname="GoPadelTest.GoPadelTest" name="bookingCalenderTest" time="6.919"/>
  <testcase classname="GoPadelTest.GoPadelTest" name="bookingPopupTest" time="5.42"/>
  <testcase classname="GoPadelTest.GoPadelTest" name="trainerBookingTest" time="3.25"/>
</testsuite> <!-- Default test -->
