<?xml version="1.0" encoding="UTF-8"?>
<testng-results ignored="0" total="3" passed="3" failed="0" skipped="0">
  <reporter-output>
  </reporter-output>
  <suite started-at="2022-04-18T14:11:36 IST" name="Default suite" finished-at="2022-04-18T14:11:51 IST" duration-ms="15641">
    <groups>
    </groups>
    <test started-at="2022-04-18T14:11:36 IST" name="Default test" finished-at="2022-04-18T14:11:51 IST" duration-ms="15641">
      <class name="GoPadelTest.GoPadelTest">
        <test-method is-config="true" signature="suiteSetup()[pri:0, instance:GoPadelTest.GoPadelTest@55342f40]" started-at="2022-04-18T14:11:29 IST" name="suiteSetup" finished-at="2022-04-18T14:11:36 IST" duration-ms="6662" status="PASS">
          <reporter-output>
          </reporter-output>
        </test-method> <!-- suiteSetup -->
        <test-method signature="bookingCalenderTest()[pri:0, instance:GoPadelTest.GoPadelTest@55342f40]" started-at="2022-04-18T14:11:36 IST" name="bookingCalenderTest" finished-at="2022-04-18T14:11:43 IST" duration-ms="6919" status="PASS">
          <reporter-output>
          </reporter-output>
        </test-method> <!-- bookingCalenderTest -->
        <test-method signature="bookingPopupTest()[pri:1, instance:GoPadelTest.GoPadelTest@55342f40]" started-at="2022-04-18T14:11:43 IST" name="bookingPopupTest" finished-at="2022-04-18T14:11:48 IST" duration-ms="5420" status="PASS">
          <reporter-output>
          </reporter-output>
        </test-method> <!-- bookingPopupTest -->
        <test-method signature="trainerBookingTest()[pri:2, instance:GoPadelTest.GoPadelTest@55342f40]" started-at="2022-04-18T14:11:48 IST" name="trainerBookingTest" finished-at="2022-04-18T14:11:51 IST" duration-ms="3250" status="PASS">
          <reporter-output>
          </reporter-output>
        </test-method> <!-- trainerBookingTest -->
        <test-method is-config="true" signature="suiteTearDown()[pri:0, instance:GoPadelTest.GoPadelTest@55342f40]" started-at="2022-04-18T14:11:51 IST" name="suiteTearDown" finished-at="2022-04-18T14:11:51 IST" duration-ms="1" status="PASS">
          <reporter-output>
          </reporter-output>
        </test-method> <!-- suiteTearDown -->
      </class> <!-- GoPadelTest.GoPadelTest -->
    </test> <!-- Default test -->
  </suite> <!-- Default suite -->
</testng-results>
